<?xml version="1.0" encoding="UTF-8"?>
<testsuite name="model.SwapGeneratorTest" tests="7" skipped="0" failures="0" errors="0" timestamp="2025-03-28T07:58:52" hostname="Victus-by-HP-Gaming-Laptop-16" time="0.006">
  <properties/>
  <testcase name="testGenerateWithRandomSeed()" classname="model.SwapGeneratorTest" time="0.001"/>
  <testcase name="testCopy()" classname="model.SwapGeneratorTest" time="0.0"/>
  <testcase name="testToString()" classname="model.SwapGeneratorTest" time="0.002"/>
  <testcase name="testGenerateWithZeroSwaps()" classname="model.SwapGeneratorTest" time="0.0"/>
  <testcase name="testSetVariable()" classname="model.SwapGeneratorTest" time="0.0"/>
  <testcase name="testInvalidNbSwaps()" classname="model.SwapGeneratorTest" time="0.001"/>
  <testcase name="testGenerateWithSwaps()" classname="model.SwapGeneratorTest" time="0.001"/>
  <system-out><![CDATA[]]></system-out>
  <system-err><![CDATA[]]></system-err>
</testsuite>
