<?xml version="1.0" encoding="UTF-8"?>
<testsuite name="model.DataTest" tests="11" skipped="0" failures="0" errors="0" timestamp="2025-03-28T07:58:52" hostname="Victus-by-HP-Gaming-Laptop-16" time="0.006">
  <properties/>
  <testcase name="testSetValueAtValidIndex()" classname="model.DataTest" time="0.0"/>
  <testcase name="testConstructorValidArray()" classname="model.DataTest" time="0.001"/>
  <testcase name="testReset()" classname="model.DataTest" time="0.001"/>
  <testcase name="testToString()" classname="model.DataTest" time="0.0"/>
  <testcase name="testSwapValidIndices()" classname="model.DataTest" time="0.0"/>
  <testcase name="testSetValueAtInvalidIndex()" classname="model.DataTest" time="0.001"/>
  <testcase name="testIsSorted()" classname="model.DataTest" time="0.0"/>
  <testcase name="testSwapInvalidIndices()" classname="model.DataTest" time="0.001"/>
  <testcase name="testConstructorInvalidArray()" classname="model.DataTest" time="0.0"/>
  <testcase name="testFindMaxValue()" classname="model.DataTest" time="0.001"/>
  <testcase name="testShuffle()" classname="model.DataTest" time="0.0"/>
  <system-out><![CDATA[]]></system-out>
  <system-err><![CDATA[]]></system-err>
</testsuite>
