<?xml version="1.0" encoding="UTF-8"?>
<testsuite name="model.algorithm.BubbleSortTest" tests="1" skipped="0" failures="0" errors="0" timestamp="2025-03-28T07:58:52" hostname="Victus-by-HP-Gaming-Laptop-16" time="0.0">
  <properties/>
  <testcase name="testSort()" classname="model.algorithm.BubbleSortTest" time="0.0"/>
  <system-out><![CDATA[]]></system-out>
  <system-err><![CDATA[]]></system-err>
</testsuite>
